c:\users\overm\documents\kuliah\semester 5\komputer grafik\hw 1\opengl1\x64\debug\vc143.pdb
c:\users\overm\documents\kuliah\semester 5\komputer grafik\hw 1\opengl1\x64\debug\vc143.idb
c:\users\overm\documents\kuliah\semester 5\komputer grafik\hw 1\opengl1\x64\debug\glad.obj
c:\users\overm\documents\kuliah\semester 5\komputer grafik\hw 1\opengl1\x64\debug\main.obj
c:\users\overm\documents\kuliah\semester 5\komputer grafik\hw 1\opengl1\x64\debug\opengl1.exe
c:\users\overm\documents\kuliah\semester 5\komputer grafik\hw 1\opengl1\x64\debug\opengl1.ilk
c:\users\overm\documents\kuliah\semester 5\komputer grafik\hw 1\opengl1\x64\debug\opengl1.pdb
c:\users\overm\documents\kuliah\semester 5\komputer grafik\hw 3\opengl\x64\debug\glad.obj
c:\users\overm\documents\kuliah\semester 5\komputer grafik\hw 3\opengl\x64\debug\main.obj
c:\users\overm\documents\kuliah\semester 5\komputer grafik\hw 3\opengl\x64\debug\opengl1.ilk
c:\users\overm\documents\kuliah\semester 5\komputer grafik\hw 3\opengl\x64\debug\vc143.idb
c:\users\overm\documents\kuliah\semester 5\komputer grafik\hw 3\opengl\x64\debug\opengl1.pdb
c:\users\overm\documents\kuliah\semester 5\komputer grafik\hw 3\opengl\x64\debug\vc143.pdb
c:\users\overm\documents\kuliah\semester 5\komputer grafik\hw 3\opengl\x64\debug\opengl1.exe
c:\users\overm\documents\kuliah\semester 5\komputer grafik\hw 3\opengl\x64\debug\opengl1.tlog\cl.command.1.tlog
c:\users\overm\documents\kuliah\semester 5\komputer grafik\hw 3\opengl\x64\debug\opengl1.tlog\cl.items.tlog
c:\users\overm\documents\kuliah\semester 5\komputer grafik\hw 3\opengl\x64\debug\opengl1.tlog\cl.read.1.tlog
c:\users\overm\documents\kuliah\semester 5\komputer grafik\hw 3\opengl\x64\debug\opengl1.tlog\cl.write.1.tlog
c:\users\overm\documents\kuliah\semester 5\komputer grafik\hw 3\opengl\x64\debug\opengl1.tlog\link.command.1.tlog
c:\users\overm\documents\kuliah\semester 5\komputer grafik\hw 3\opengl\x64\debug\opengl1.tlog\link.read.1.tlog
c:\users\overm\documents\kuliah\semester 5\komputer grafik\hw 3\opengl\x64\debug\opengl1.tlog\link.write.1.tlog
